This is pdfTeX, Version 3.14159265-2.6-1.40.20 (TeX Live 2019/W32TeX) (preloaded format=pdflatex 2019.10.9)  4 DEC 2019 19:40
entering extended mode
 restricted \write18 enabled.
 %&-line parsing enabled.
**StatsMedicExample.tex
(./StatsMedicExample.tex
LaTeX2e <2019-10-01>
(./WileyNJD-v2.cls
Document Class: WileyNJD-v2 2017/06/23 v0.2 Standard LaTeX document class for J
ournal
\job@temptoken=\toks14

(c:/Users/Administrator/AppData/Roaming/TinyTeX/texmf-dist/tex/latex/base/artic
le.cls
Document Class: article 2019/08/27 v1.4j Standard LaTeX document class

(c:/Users/Administrator/AppData/Roaming/TinyTeX/texmf-dist/tex/latex/base/fleqn
.clo
File: fleqn.clo 2016/12/29 v1.2b Standard LaTeX option (flush left equations)
\mathindent=\dimen102
Applying: [2015/01/01] Make \[ robust on input line 50.
LaTeX Info: Redefining \[ on input line 51.
Already applied: [0000/00/00] Make \[ robust on input line 62.
Applying: [2015/01/01] Make \] robust on input line 74.
LaTeX Info: Redefining \] on input line 75.
Already applied: [0000/00/00] Make \] robust on input line 83.
)
(c:/Users/Administrator/AppData/Roaming/TinyTeX/texmf-dist/tex/latex/base/size1
0.clo
File: size10.clo 2019/08/27 v1.4j Standard LaTeX file (size option)
)
\c@part=\count80
\c@section=\count81
\c@subsection=\count82
\c@subsubsection=\count83
\c@paragraph=\count84
\c@subparagraph=\count85
\c@figure=\count86
\c@table=\count87
\abovecaptionskip=\skip41
\belowcaptionskip=\skip42
\bibindent=\dimen103
)
(c:/Users/Administrator/AppData/Roaming/TinyTeX/texmf-dist/tex/latex/etex-pkg/e
tex.sty
Package: etex 2016/08/01 v2.7 eTeX basic definition package (PEB,DPC)
\et@xins=\count88
)
(c:/Users/Administrator/AppData/Roaming/TinyTeX/texmf-dist/tex/latex/graphics/g
raphicx.sty
Package: graphicx 2017/06/01 v1.1a Enhanced LaTeX Graphics (DPC,SPQR)

(c:/Users/Administrator/AppData/Roaming/TinyTeX/texmf-dist/tex/latex/graphics/k
eyval.sty
Package: keyval 2014/10/28 v1.15 key=value parser (DPC)
\KV@toks@=\toks15
)
(c:/Users/Administrator/AppData/Roaming/TinyTeX/texmf-dist/tex/latex/graphics/g
raphics.sty
Package: graphics 2019/07/20 v1.3b Standard LaTeX Graphics (DPC,SPQR)

(c:/Users/Administrator/AppData/Roaming/TinyTeX/texmf-dist/tex/latex/graphics/t
rig.sty
Package: trig 2016/01/03 v1.10 sin cos tan (DPC)
)
(c:/Users/Administrator/AppData/Roaming/TinyTeX/texmf-dist/tex/latex/graphics-c
fg/graphics.cfg
File: graphics.cfg 2016/06/04 v1.11 sample graphics configuration
)
Package graphics Info: Driver file: pdftex.def on input line 105.

(c:/Users/Administrator/AppData/Roaming/TinyTeX/texmf-dist/tex/latex/graphics-d
ef/pdftex.def
File: pdftex.def 2018/01/08 v1.0l Graphics/color driver for pdftex
))
\Gin@req@height=\dimen104
\Gin@req@width=\dimen105
)
(c:/Users/Administrator/AppData/Roaming/TinyTeX/texmf-dist/tex/latex/tools/mult
icol.sty
Package: multicol 2019/03/01 v1.8w multicolumn formatting (FMi)
\c@tracingmulticols=\count89
\mult@box=\box27
\multicol@leftmargin=\dimen106
\c@unbalance=\count90
\c@collectmore=\count91
\doublecol@number=\count92
\multicoltolerance=\count93
\multicolpretolerance=\count94
\full@width=\dimen107
\page@free=\dimen108
\premulticols=\dimen109
\postmulticols=\dimen110
\multicolsep=\skip43
\multicolbaselineskip=\skip44
\partial@page=\box28
\last@line=\box29
\maxbalancingoverflow=\dimen111
\mult@rightbox=\box30
\mult@grightbox=\box31
\mult@gfirstbox=\box32
\mult@firstbox=\box33
\@tempa=\box34
\@tempa=\box35
\@tempa=\box36
\@tempa=\box37
\@tempa=\box38
\@tempa=\box39
\@tempa=\box40
\@tempa=\box41
\@tempa=\box42
\@tempa=\box43
\@tempa=\box44
\@tempa=\box45
\@tempa=\box46
\@tempa=\box47
\@tempa=\box48
\@tempa=\box49
\@tempa=\box50
\c@minrows=\count95
\c@columnbadness=\count96
\c@finalcolumnbadness=\count97
\last@try=\dimen112
\multicolovershoot=\dimen113
\multicolundershoot=\dimen114
\mult@nat@firstbox=\box51
\colbreak@box=\box52
\mc@col@check@num=\count98
)
(c:/Users/Administrator/AppData/Roaming/TinyTeX/texmf-dist/tex/latex/multirow/m
ultirow.sty
Package: multirow 2019/05/31 v2.5 Span multiple rows of a table
\multirow@colwidth=\skip45
\multirow@cntb=\count99
\multirow@dima=\skip46
\bigstrutjot=\dimen115
)
(c:/Users/Administrator/AppData/Roaming/TinyTeX/texmf-dist/tex/latex/sttools/cu
ted.sty
Package: cuted 2012/10/04 v1.5 Mixing onecolumn and twocolumn modes
\At@ViperColsBreak=\toks16
\v@aaa=\box53
\v@ccc=\box54
\lastskip@a=\skip47
\lastskip@b=\skip48
\lastskip@d=\skip49
\lastbox@a=\box55
\stripsep=\skip50
\@viper=\box56
\viper@penalty=\count100
\hold@viper=\box57
\ht@viper=\dimen116
)
(c:/Users/Administrator/AppData/Roaming/TinyTeX/texmf-dist/tex/generic/oberdiek
/ifpdf.sty
Package: ifpdf 2018/09/07 v3.3 Provides the ifpdf switch
)
(c:/Users/Administrator/AppData/Roaming/TinyTeX/texmf-dist/tex/latex/url/url.st
y
\Urlmuskip=\muskip10
Package: url 2013/09/16  ver 3.4  Verb mode for urls, etc.
)
(c:/Users/Administrator/AppData/Roaming/TinyTeX/texmf-dist/tex/latex/changepage
/changepage.sty
Package: changepage 2009/10/20 v1.0c check page and change page layout
\c@cp@cntr=\count101
\cp@tempcnt=\count102
)
(c:/Users/Administrator/AppData/Roaming/TinyTeX/texmf-dist/tex/latex/tools/calc
.sty
Package: calc 2017/05/25 v4.3 Infix arithmetic (KKT,FJ)
\calc@Acount=\count103
\calc@Bcount=\count104
\calc@Adimen=\dimen117
\calc@Bdimen=\dimen118
\calc@Askip=\skip51
\calc@Bskip=\skip52
LaTeX Info: Redefining \setlength on input line 80.
LaTeX Info: Redefining \addtolength on input line 81.
\calc@Ccount=\count105
\calc@Cskip=\skip53
)
(c:/Users/Administrator/AppData/Roaming/TinyTeX/texmf-dist/tex/latex/xcolor/xco
lor.sty
Package: xcolor 2016/05/11 v2.12 LaTeX color extensions (UK)

(c:/Users/Administrator/AppData/Roaming/TinyTeX/texmf-dist/tex/latex/graphics-c
fg/color.cfg
File: color.cfg 2016/01/02 v1.6 sample color configuration
)
Package xcolor Info: Driver file: pdftex.def on input line 225.
Package xcolor Info: Model `cmy' substituted by `cmy0' on input line 1348.
Package xcolor Info: Model `hsb' substituted by `rgb' on input line 1352.
Package xcolor Info: Model `RGB' extended on input line 1364.
Package xcolor Info: Model `HTML' substituted by `rgb' on input line 1366.
Package xcolor Info: Model `Hsb' substituted by `hsb' on input line 1367.
Package xcolor Info: Model `tHsb' substituted by `hsb' on input line 1368.
Package xcolor Info: Model `HSB' substituted by `hsb' on input line 1369.
Package xcolor Info: Model `Gray' substituted by `gray' on input line 1370.
Package xcolor Info: Model `wave' substituted by `hsb' on input line 1371.
)
(c:/Users/Administrator/AppData/Roaming/TinyTeX/texmf-dist/tex/latex/float/floa
t.sty
Package: float 2001/11/08 v1.3d Float enhancements (AL)
\c@float@type=\count106
\float@exts=\toks17
\float@box=\box58
\@float@everytoks=\toks18
\@floatcapt=\box59
)
(c:/Users/Administrator/AppData/Roaming/TinyTeX/texmf-dist/tex/latex/sttools/fl
oatpag.sty
Package: floatpag 2012/05/29 v1.1 Different pagestyles on float pages
Package: floatpag 1999/04/29 FLOAT PAGESTYLE
)
(c:/Users/Administrator/AppData/Roaming/TinyTeX/texmf-dist/tex/latex/dblfloatfi
x/dblfloatfix.sty
Package: dblfloatfix 2012/12/31 v1.0a (JAW)

(c:/Users/Administrator/AppData/Roaming/TinyTeX/texmf-dist/tex/latex/base/fixlt
x2e.sty
Package: fixltx2e 2016/12/29 v2.1a fixes to LaTeX (obsolete)
Applying: [2015/01/01] Old fixltx2e package on input line 46.

Package fixltx2e Warning: fixltx2e is not required with releases after 2015
(fixltx2e)                All fixes are now in the LaTeX kernel.
(fixltx2e)                See the latexrelease package for details.

Already applied: [0000/00/00] Old fixltx2e package on input line 53.
)
\@dblbotnum=\count107
\c@dblbotnumber=\count108
)
(c:/Users/Administrator/AppData/Roaming/TinyTeX/texmf-dist/tex/latex/graphics/r
otating.sty
Package: rotating 2016/08/11 v2.16d rotated objects in LaTeX

(c:/Users/Administrator/AppData/Roaming/TinyTeX/texmf-dist/tex/latex/base/ifthe
n.sty
Package: ifthen 2014/09/29 v1.1c Standard LaTeX ifthen package (DPC)
)
\c@r@tfl@t=\count109
\rotFPtop=\skip54
\rotFPbot=\skip55
\rot@float@box=\box60
\rot@mess@toks=\toks19
)
(c:/Users/Administrator/AppData/Roaming/TinyTeX/texmf-dist/tex/generic/ulem/ule
m.sty
\UL@box=\box61
\UL@hyphenbox=\box62
\UL@skip=\skip56
\UL@hook=\toks20
\UL@height=\dimen119
\UL@pe=\count110
\UL@pixel=\dimen120
\ULC@box=\box63
Package: ulem 2012/05/18
\ULdepth=\dimen121
)
(c:/Users/Administrator/AppData/Roaming/TinyTeX/texmf-dist/tex/latex/tools/enum
erate.sty
Package: enumerate 2015/07/23 v3.00 enumerate extensions (DPC)
\@enLab=\toks21
)
(c:/Users/Administrator/AppData/Roaming/TinyTeX/texmf-dist/tex/latex/soul/soul.
sty
Package: soul 2003/11/17 v2.4 letterspacing/underlining (mf)
\SOUL@word=\toks22
\SOUL@lasttoken=\toks23
\SOUL@cmds=\toks24
\SOUL@buffer=\toks25
\SOUL@token=\toks26
\SOUL@spaceskip=\skip57
\SOUL@ttwidth=\dimen122
\SOUL@uldp=\dimen123
\SOUL@ulht=\dimen124
)
(c:/Users/Administrator/AppData/Roaming/TinyTeX/texmf-dist/tex/latex/caption/ca
ption.sty
Package: caption 2019/09/01 v3.3d Customizing captions (AR)

(c:/Users/Administrator/AppData/Roaming/TinyTeX/texmf-dist/tex/latex/caption/ca
ption3.sty
Package: caption3 2019/09/01 v1.8d caption3 kernel (AR)
Package caption3 Info: TeX engine: e-TeX on input line 64.
\captionmargin=\dimen125
\captionmargin@=\dimen126
\captionwidth=\dimen127
\caption@tempdima=\dimen128
\caption@indent=\dimen129
\caption@parindent=\dimen130
\caption@hangindent=\dimen131
)
\c@caption@flags=\count111
\c@ContinuedFloat=\count112
Package caption Info: float package is loaded.
Package caption Info: rotating package is loaded.
)
(c:/Users/Administrator/AppData/Roaming/TinyTeX/texmf-dist/tex/latex/hyperref/h
yperref.sty
Package: hyperref 2019/09/28 v7.00a Hypertext links for LaTeX

(c:/Users/Administrator/AppData/Roaming/TinyTeX/texmf-dist/tex/generic/oberdiek
/hobsub-hyperref.sty
Package: hobsub-hyperref 2016/05/16 v1.14 Bundle oberdiek, subset hyperref (HO)


(c:/Users/Administrator/AppData/Roaming/TinyTeX/texmf-dist/tex/generic/oberdiek
/hobsub-generic.sty
Package: hobsub-generic 2016/05/16 v1.14 Bundle oberdiek, subset generic (HO)
Package: hobsub 2016/05/16 v1.14 Construct package bundles (HO)
Package: infwarerr 2016/05/16 v1.4 Providing info/warning/error messages (HO)
Package: ltxcmds 2016/05/16 v1.23 LaTeX kernel commands for general use (HO)
Package: ifluatex 2016/05/16 v1.4 Provides the ifluatex switch (HO)
Package ifluatex Info: LuaTeX not detected.
Package: ifvtex 2016/05/16 v1.6 Detect VTeX and its facilities (HO)
Package ifvtex Info: VTeX not detected.
Package: intcalc 2016/05/16 v1.2 Expandable calculations with integers (HO)
Package hobsub Info: Skipping package `ifpdf' (already loaded).
Package: etexcmds 2016/05/16 v1.6 Avoid name clashes with e-TeX commands (HO)
Package: kvsetkeys 2016/05/16 v1.17 Key value parser (HO)
Package: kvdefinekeys 2016/05/16 v1.4 Define keys (HO)
Package: pdftexcmds 2019/07/25 v0.30 Utility functions of pdfTeX for LuaTeX (HO
)
Package pdftexcmds Info: LuaTeX not detected.
Package pdftexcmds Info: \pdf@primitive is available.
Package pdftexcmds Info: \pdf@ifprimitive is available.
Package pdftexcmds Info: \pdfdraftmode found.
Package: pdfescape 2016/05/16 v1.14 Implements pdfTeX's escape features (HO)
Package: bigintcalc 2016/05/16 v1.4 Expandable calculations on big integers (HO
)
Package: bitset 2016/05/16 v1.2 Handle bit-vector datatype (HO)
Package: uniquecounter 2016/05/16 v1.3 Provide unlimited unique counter (HO)
)
Package hobsub Info: Skipping package `hobsub' (already loaded).
Package: letltxmacro 2016/05/16 v1.5 Let assignment for LaTeX macros (HO)
Package: hopatch 2016/05/16 v1.3 Wrapper for package hooks (HO)
Package: xcolor-patch 2016/05/16 xcolor patch
Package: atveryend 2016/05/16 v1.9 Hooks at the very end of document (HO)
Package atveryend Info: \enddocument detected (standard20110627).
Package: atbegshi 2016/06/09 v1.18 At begin shipout hook (HO)
Package: refcount 2016/05/16 v3.5 Data extraction from label references (HO)
Package: hycolor 2016/05/16 v1.8 Color options for hyperref/bookmark (HO)
)
(c:/Users/Administrator/AppData/Roaming/TinyTeX/texmf-dist/tex/generic/ifxetex/
ifxetex.sty
Package: ifxetex 2010/09/12 v0.6 Provides ifxetex conditional
)
(c:/Users/Administrator/AppData/Roaming/TinyTeX/texmf-dist/tex/latex/oberdiek/a
uxhook.sty
Package: auxhook 2016/05/16 v1.4 Hooks for auxiliary files (HO)
)
(c:/Users/Administrator/AppData/Roaming/TinyTeX/texmf-dist/tex/latex/oberdiek/k
voptions.sty
Package: kvoptions 2016/05/16 v3.12 Key value format for package options (HO)
)
\@linkdim=\dimen132
\Hy@linkcounter=\count113
\Hy@pagecounter=\count114

(c:/Users/Administrator/AppData/Roaming/TinyTeX/texmf-dist/tex/latex/hyperref/p
d1enc.def
File: pd1enc.def 2019/09/28 v7.00a Hyperref: PDFDocEncoding definition (HO)
Now handling font encoding PD1 ...
... no UTF-8 mapping file for font encoding PD1
)
\Hy@SavedSpaceFactor=\count115

(c:/Users/Administrator/AppData/Roaming/TinyTeX/texmf-dist/tex/latex/latexconfi
g/hyperref.cfg
File: hyperref.cfg 2002/06/06 v1.2 hyperref configuration of TeXLive
)
Package hyperref Info: Hyper figures OFF on input line 4540.
Package hyperref Info: Link nesting OFF on input line 4545.
Package hyperref Info: Hyper index ON on input line 4548.
Package hyperref Info: Plain pages OFF on input line 4555.
Package hyperref Info: Backreferencing OFF on input line 4560.
Package hyperref Info: Implicit mode ON; LaTeX internals redefined.
Package hyperref Info: Bookmarks ON on input line 4793.
\c@Hy@tempcnt=\count116
LaTeX Info: Redefining \url on input line 5152.
\XeTeXLinkMargin=\dimen133
\Fld@menulength=\count117
\Field@Width=\dimen134
\Fld@charsize=\dimen135
Package hyperref Info: Hyper figures OFF on input line 6423.
Package hyperref Info: Link nesting OFF on input line 6428.
Package hyperref Info: Hyper index ON on input line 6431.
Package hyperref Info: backreferencing OFF on input line 6438.
Package hyperref Info: Link coloring OFF on input line 6443.
Package hyperref Info: Link coloring with OCG OFF on input line 6448.
Package hyperref Info: PDF/A mode OFF on input line 6453.
LaTeX Info: Redefining \ref on input line 6493.
LaTeX Info: Redefining \pageref on input line 6497.
\Hy@abspage=\count118
\c@Item=\count119
\c@Hfootnote=\count120
)
Package hyperref Info: Driver (autodetected): hpdftex.

(c:/Users/Administrator/AppData/Roaming/TinyTeX/texmf-dist/tex/latex/hyperref/h
pdftex.def
File: hpdftex.def 2019/09/28 v7.00a Hyperref driver for pdfTeX
\Fld@listcount=\count121
\c@bookmark@seq@number=\count122

(c:/Users/Administrator/AppData/Roaming/TinyTeX/texmf-dist/tex/latex/oberdiek/r
erunfilecheck.sty
Package: rerunfilecheck 2016/05/16 v1.8 Rerun checks for auxiliary files (HO)
Package uniquecounter Info: New unique counter `rerunfilecheck' on input line 2
82.
)
\Hy@SectionHShift=\skip58
)
Package hyperref Info: Option `bookmarksopen' set `true' on input line 278.

(c:/Users/Administrator/AppData/Roaming/TinyTeX/texmf-dist/tex/latex/oberdiek/b
ookmark.sty
Package: bookmark 2019/06/04 v1.27 PDF bookmarks (HO)

(c:/Users/Administrator/AppData/Roaming/TinyTeX/texmf-dist/tex/latex/oberdiek/b
km-pdftex.def
File: bkm-pdftex.def 2019/06/04 v1.27 bookmark driver for pdfTeX (HO)
\BKM@id=\count123
))
(c:/Users/Administrator/AppData/Roaming/TinyTeX/texmf-dist/tex/latex/subfig/sub
fig.sty
Package: subfig 2005/06/28 ver: 1.3 subfig package
\c@KVtest=\count124
\sf@farskip=\skip59
\sf@captopadj=\dimen136
\sf@capskip=\skip60
\sf@nearskip=\skip61
\c@subfigure=\count125
\c@subfigure@save=\count126
\c@lofdepth=\count127
\c@subtable=\count128
\c@subtable@save=\count129
\c@lotdepth=\count130
\sf@top=\skip62
\sf@bottom=\skip63
)
(c:/Users/Administrator/AppData/Roaming/TinyTeX/texmf-dist/tex/latex/oberdiek/t
woopt.sty
Package: twoopt 2016/05/16 v1.6 Definitions with two optional arguments (HO)
)
(c:/Users/Administrator/AppData/Roaming/TinyTeX/texmf-dist/tex/latex/footmisc/f
ootmisc.sty
Package: footmisc 2011/06/06 v5.5b a miscellany of footnote facilities
\FN@temptoken=\toks27
\footnotemargin=\dimen137
\c@pp@next@reset=\count131
Package footmisc Info: Declaring symbol style bringhurst on input line 855.
Package footmisc Info: Declaring symbol style chicago on input line 863.
Package footmisc Info: Declaring symbol style wiley on input line 872.
Package footmisc Info: Declaring symbol style lamport-robust on input line 883.

Package footmisc Info: Declaring symbol style lamport* on input line 903.
Package footmisc Info: Declaring symbol style lamport*-robust on input line 924
.
)
(c:/Users/Administrator/AppData/Roaming/TinyTeX/texmf-dist/tex/latex/tools/tabu
larx.sty
Package: tabularx 2016/02/03 v2.11b `tabularx' package (DPC)

(c:/Users/Administrator/AppData/Roaming/TinyTeX/texmf-dist/tex/latex/tools/arra
y.sty
Package: array 2019/08/31 v2.4l Tabular extension package (FMi)
\col@sep=\dimen138
\ar@mcellbox=\box64
\extrarowheight=\dimen139
\NC@list=\toks28
\extratabsurround=\skip64
\backup@length=\skip65
\ar@cellbox=\box65
)
\TX@col@width=\dimen140
\TX@old@table=\dimen141
\TX@old@col=\dimen142
\TX@target=\dimen143
\TX@delta=\dimen144
\TX@cols=\count132
\TX@ftn=\toks29
)
\tfboxrule=\dimen145
\bfboxrule=\dimen146
\BXRuleThickness=\dimen147
\BXleftrightskipdimen=\dimen148
\BXhsize=\dimen149
\FreePageSpace=\dimen150
\ovsize=\dimen151
\adjustskip=\skip66
\BXbox=\box66
\xxptspaceamount=\skip67
\BXboxoutbnewskip=\skip68
\BXdim=\dimen152
\BXgraybox=\box67

(c:/Users/Administrator/AppData/Roaming/TinyTeX/texmf-dist/tex/latex/varwidth/v
arwidth.sty
Package: varwidth 2009/03/30 ver 0.92;  Variable-width minipages
\@vwid@box=\box68
\sift@deathcycles=\count133
\@vwid@loff=\dimen153
\@vwid@roff=\dimen154
)
(c:/Users/Administrator/AppData/Roaming/TinyTeX/texmf-dist/tex/latex/tools/dcol
umn.sty
Package: dcolumn 2014/10/28 v1.06 decimal alignment package (DPC)
)
(c:/Users/Administrator/AppData/Roaming/TinyTeX/texmf-dist/tex/latex/stix/stix.
sty
Package: stix 2018/04/17 v1.1.3-latex STIX fonts support package
Now handling font encoding LS1 ...
... no UTF-8 mapping file for font encoding LS1
Now handling font encoding LS2 ...
... no UTF-8 mapping file for font encoding LS2
LaTeX Font Info:    Redeclaring symbol font `letters' on input line 76.
LaTeX Font Info:    Encoding `OML' has changed to `LS1' for symbol font
(Font)              `letters' in the math version `normal' on input line 76.
LaTeX Font Info:    Overwriting symbol font `letters' in version `normal'
(Font)                  OML/cmm/m/it --> LS1/stix/m/it on input line 76.
LaTeX Font Info:    Encoding `OML' has changed to `LS1' for symbol font
(Font)              `letters' in the math version `bold' on input line 76.
LaTeX Font Info:    Overwriting symbol font `letters' in version `bold'
(Font)                  OML/cmm/b/it --> LS1/stix/m/it on input line 76.
LaTeX Font Info:    Redeclaring symbol font `operators' on input line 77.
LaTeX Font Info:    Encoding `OT1' has changed to `LS1' for symbol font
(Font)              `operators' in the math version `normal' on input line 77.
LaTeX Font Info:    Overwriting symbol font `operators' in version `normal'
(Font)                  OT1/cmr/m/n --> LS1/stix/m/n on input line 77.
LaTeX Font Info:    Encoding `OT1' has changed to `LS1' for symbol font
(Font)              `operators' in the math version `bold' on input line 77.
LaTeX Font Info:    Overwriting symbol font `operators' in version `bold'
(Font)                  OT1/cmr/bx/n --> LS1/stix/m/n on input line 77.
\symbold-operators=\mathgroup4
LaTeX Font Info:    Redeclaring symbol font `symbols' on input line 79.
LaTeX Font Info:    Encoding `OMS' has changed to `LS1' for symbol font
(Font)              `symbols' in the math version `normal' on input line 79.
LaTeX Font Info:    Overwriting symbol font `symbols' in version `normal'
(Font)                  OMS/cmsy/m/n --> LS1/stixscr/m/n on input line 79.
LaTeX Font Info:    Encoding `OMS' has changed to `LS1' for symbol font
(Font)              `symbols' in the math version `bold' on input line 79.
LaTeX Font Info:    Overwriting symbol font `symbols' in version `bold'
(Font)                  OMS/cmsy/b/n --> LS1/stixscr/m/n on input line 79.
\symsymbols2=\mathgroup5
\symsymbols3=\mathgroup6
\symsymbols4=\mathgroup7
\symintegrals=\mathgroup8
LaTeX Font Info:    Redeclaring symbol font `largesymbols' on input line 84.
LaTeX Font Info:    Encoding `OMX' has changed to `LS2' for symbol font
(Font)              `largesymbols' in the math version `normal' on input line 8
4.
LaTeX Font Info:    Overwriting symbol font `largesymbols' in version `normal'
(Font)                  OMX/cmex/m/n --> LS2/stixex/m/n on input line 84.
LaTeX Font Info:    Encoding `OMX' has changed to `LS2' for symbol font
(Font)              `largesymbols' in the math version `bold' on input line 84.

LaTeX Font Info:    Overwriting symbol font `largesymbols' in version `bold'
(Font)                  OMX/cmex/m/n --> LS2/stixex/m/n on input line 84.
\symarrows1=\mathgroup9
\symarrows2=\mathgroup10
\symarrows3=\mathgroup11
LaTeX Font Info:    Overwriting symbol font `letters' in version `bold'
(Font)                  LS1/stix/m/it --> LS1/stix/b/it on input line 88.
LaTeX Font Info:    Overwriting symbol font `operators' in version `bold'
(Font)                  LS1/stix/m/n --> LS1/stix/b/n on input line 89.
LaTeX Font Info:    Overwriting symbol font `symbols' in version `bold'
(Font)                  LS1/stixscr/m/n --> LS1/stixscr/b/n on input line 90.
LaTeX Font Info:    Overwriting symbol font `symbols2' in version `bold'
(Font)                  LS1/stixfrak/m/n --> LS1/stixfrak/b/n on input line 91.

LaTeX Font Info:    Overwriting symbol font `symbols3' in version `bold'
(Font)                  LS1/stixbb/m/n --> LS1/stixbb/b/n on input line 92.
LaTeX Font Info:    Overwriting symbol font `symbols4' in version `bold'
(Font)                  LS1/stixbb/m/it --> LS1/stixbb/b/it on input line 93.
LaTeX Font Info:    Overwriting symbol font `integrals' in version `bold'
(Font)                  LS2/stixcal/m/n --> LS2/stixcal/b/n on input line 94.
LaTeX Font Info:    Overwriting symbol font `largesymbols' in version `bold'
(Font)                  LS2/stixex/m/n --> LS2/stixex/b/n on input line 95.
LaTeX Font Info:    Overwriting symbol font `arrows1' in version `bold'
(Font)                  LS1/stixsf/m/n --> LS1/stixsf/b/n on input line 96.
LaTeX Font Info:    Overwriting symbol font `arrows2' in version `bold'
(Font)                  LS1/stixsf/m/it --> LS1/stixsf/b/it on input line 97.
LaTeX Font Info:    Overwriting symbol font `arrows3' in version `bold'
(Font)                  LS2/stixtt/m/n --> LS2/stixtt/b/n on input line 98.
LaTeX Font Info:    Redeclaring math alphabet \mathit on input line 99.
LaTeX Font Info:    Redeclaring math alphabet \mathsf on input line 106.
LaTeX Font Info:    Redeclaring math alphabet \mathtt on input line 108.
LaTeX Font Info:    Redeclaring math alphabet \mathbf on input line 109.
LaTeX Font Info:    Redeclaring math symbol \hbar on input line 227.
LaTeX Font Info:    Redeclaring math delimiter \lfloor on input line 271.
LaTeX Font Info:    Redeclaring math delimiter \rfloor on input line 272.
LaTeX Font Info:    Redeclaring math delimiter \lceil on input line 273.
LaTeX Font Info:    Redeclaring math delimiter \rceil on input line 274.
LaTeX Font Info:    Redeclaring math delimiter \lmoustache on input line 275.
LaTeX Font Info:    Redeclaring math delimiter \rmoustache on input line 276.
LaTeX Font Info:    Redeclaring math delimiter \lbrace on input line 277.
LaTeX Font Info:    Redeclaring math delimiter \rbrace on input line 278.
LaTeX Font Info:    Redeclaring math delimiter \langle on input line 281.
LaTeX Font Info:    Redeclaring math delimiter \rangle on input line 282.
LaTeX Font Info:    Redeclaring math delimiter \backslash on input line 292.
LaTeX Font Info:    Redeclaring math delimiter \lgroup on input line 294.
LaTeX Font Info:    Redeclaring math delimiter \rgroup on input line 295.
LaTeX Font Info:    Redeclaring math delimiter \bracevert on input line 296.
LaTeX Font Info:    Redeclaring math delimiter \vert on input line 298.
LaTeX Font Info:    Redeclaring math delimiter \Vert on input line 299.
LaTeX Font Info:    Redeclaring math delimiter \uparrow on input line 308.
LaTeX Font Info:    Redeclaring math delimiter \downarrow on input line 309.
LaTeX Font Info:    Redeclaring math delimiter \updownarrow on input line 310.
LaTeX Font Info:    Redeclaring math delimiter \Uparrow on input line 311.
LaTeX Font Info:    Redeclaring math delimiter \Downarrow on input line 312.
LaTeX Font Info:    Redeclaring math delimiter \Updownarrow on input line 313.
LaTeX Font Info:    Redeclaring math delimiter \arrowvert on input line 318.
LaTeX Font Info:    Redeclaring math delimiter \Arrowvert on input line 319.
LaTeX Font Info:    Redeclaring math accent \grave on input line 698.
LaTeX Font Info:    Redeclaring math accent \acute on input line 699.
LaTeX Font Info:    Redeclaring math accent \hat on input line 700.
LaTeX Font Info:    Redeclaring math accent \tilde on input line 701.
LaTeX Font Info:    Redeclaring math accent \bar on input line 702.
LaTeX Font Info:    Redeclaring math accent \breve on input line 703.
LaTeX Font Info:    Redeclaring math accent \dot on input line 704.
LaTeX Font Info:    Redeclaring math accent \ddot on input line 705.
LaTeX Font Info:    Redeclaring math accent \mathring on input line 707.
LaTeX Font Info:    Redeclaring math accent \check on input line 708.
LaTeX Font Info:    Redeclaring math accent \vec on input line 716.
LaTeX Font Info:    Redeclaring math accent \widehat on input line 728.
LaTeX Font Info:    Redeclaring math accent \widetilde on input line 729.
LaTeX Info: Redefining \vdots on input line 1518.
LaTeX Info: Redefining \cdots on input line 1522.
LaTeX Font Info:    Redeclaring math symbol \mathsterling on input line 1978.
LaTeX Info: Redefining \not on input line 2144.
)
(c:/Users/Administrator/AppData/Roaming/TinyTeX/texmf-dist/tex/latex/base/fonte
nc.sty
Package: fontenc 2018/08/11 v2.0j Standard LaTeX package

(c:/Users/Administrator/AppData/Roaming/TinyTeX/texmf-dist/tex/latex/base/t1enc
.def
File: t1enc.def 2018/08/11 v2.0j Standard LaTeX file
LaTeX Font Info:    Redeclaring font encoding T1 on input line 48.
))
\trimwidth=\skip69
\trimheight=\skip70
\typewidth=\skip71
\typeheight=\skip72
\normaltextheight=\skip73
\blindfoliodrop=\skip74
\figheight=\skip75
\figwidth=\skip76
\tabledim=\skip77
\columnhsizevalue=\dimen155
\abs@coli@hsize=\skip78
\abs@colii@hsize=\skip79

(c:/Users/Administrator/AppData/Roaming/TinyTeX/texmf-dist/tex/latex/geometry/g
eometry.sty
Package: geometry 2018/04/16 v5.8 Page Geometry
\Gm@cnth=\count134
\Gm@cntv=\count135
\c@Gm@tempcnt=\count136
\Gm@bindingoffset=\dimen156
\Gm@wd@mp=\dimen157
\Gm@odd@mp=\dimen158
\Gm@even@mp=\dimen159
\Gm@layoutwidth=\dimen160
\Gm@layoutheight=\dimen161
\Gm@layouthoffset=\dimen162
\Gm@layoutvoffset=\dimen163
\Gm@dimlist=\toks30
)
\parindentvalue=\dimen164
\pageheight=\dimen165
\rulecount=\count137
\leftcolrulepos=\dimen166
\rightcolrulepos=\dimen167

(c:/Users/Administrator/AppData/Roaming/TinyTeX/texmf-dist/tex/latex/eso-pic/sh
owframe.sty
Package: showframe 2011/02/24 v0.1i showframe (new impl., RN)

(c:/Users/Administrator/AppData/Roaming/TinyTeX/texmf-dist/tex/latex/eso-pic/es
o-pic.sty
Package: eso-pic 2018/04/12 v2.0h eso-pic (RN)
))
\artopleftskipdim=\dimen168
\@xmlpage=\write3
\c@spagecounter=\count138
\c@lpagecounter=\count139
LaTeX Info: Redefining \rm on input line 1300.
LaTeX Info: Redefining \sf on input line 1301.
LaTeX Info: Redefining \tt on input line 1302.
LaTeX Info: Redefining \bf on input line 1303.
LaTeX Info: Redefining \it on input line 1304.
LaTeX Info: Redefining \sl on input line 1305.
LaTeX Info: Redefining \sc on input line 1306.
LaTeX Info: Redefining \cal on input line 1307.
LaTeX Info: Redefining \mit on input line 1308.
\aucount=\count140
\corrauthcount=\count141
\authfncnt=\count142
\authfnTmpCnt=\count143
\aufootnotemark=\box69
\authmarkbox=\box70
\c@affn=\count144
\addcount=\count145
\emailcount=\count146
\punctcount=\count147
\foot@titlepage@raise@skip=\skip80
\lastauthorcnt=\count148
\fundinginfocount=\count149
\commafundinginfocount=\count150
\fundinginfotempcount=\count151
\tempfundinginfocount=\count152
\JELinfocount=\count153
\commaJELinfocount=\count154
\JELinfotempcount=\count155
\tempJELinfocount=\count156
\htftbox=\box71
\ovsize=\dimen169
\oovsize=\dimen170
\FreePageSpace=\dimen171
Normal \dimen register pool exhausted, switching to extended pool.
\FreePageSpaceTest=\dimen256
\fadjskip=\skip81
\adjustskip=\skip82
\titleskip=\skip83
\abs@boxa=\box72
\abs@boxb=\box73
\abs@boxc=\box74
\abs@dima=\dimen257
\abs@dimb=\dimen258
\abs@dimc=\dimen259
\adjtitleskip=\skip84
\c@chapter=\count157
\secruleskip=\skip85
\rhverticalsep=\skip86

(c:/Users/Administrator/AppData/Roaming/TinyTeX/texmf-dist/tex/latex/natbib/nat
bib.sty
Package: natbib 2010/09/13 8.31b (PWD, AO)
\bibhang=\skip87
\bibsep=\skip88
LaTeX Info: Redefining \cite on input line 694.
\c@NAT@ctr=\count158
)
\c@scheme=\count159

(c:/Users/Administrator/AppData/Roaming/TinyTeX/texmf-dist/tex/latex/booktabs/b
ooktabs.sty
Package: booktabs 2016/04/27 v1.618033 publication quality tables
\heavyrulewidth=\dimen260
\lightrulewidth=\dimen261
\cmidrulewidth=\dimen262
\belowrulesep=\dimen263
\belowbottomsep=\dimen264
\aboverulesep=\dimen265
\abovetopsep=\dimen266
\cmidrulesep=\dimen267
\cmidrulekern=\dimen268
\defaultaddspace=\dimen269
\@cmidla=\count160
\@cmidlb=\count161
\@aboverulesep=\dimen270
\@belowrulesep=\dimen271
\@thisruleclass=\count162
\@lastruleclass=\count163
\@thisrulewidth=\dimen272
)
(c:/Users/Administrator/AppData/Roaming/TinyTeX/texmf-dist/tex/latex/amsmath/am
smath.sty
Package: amsmath 2019/04/01 v2.17c AMS math features
\@mathmargin=\skip89
For additional information on amsmath, use the `?' option.

(c:/Users/Administrator/AppData/Roaming/TinyTeX/texmf-dist/tex/latex/amsmath/am
stext.sty
Package: amstext 2000/06/29 v2.01 AMS text

(c:/Users/Administrator/AppData/Roaming/TinyTeX/texmf-dist/tex/latex/amsmath/am
sgen.sty
File: amsgen.sty 1999/11/30 v2.0 generic functions
\@emptytoks=\toks31
\ex@=\dimen273
))
(c:/Users/Administrator/AppData/Roaming/TinyTeX/texmf-dist/tex/latex/amsmath/am
sbsy.sty
Package: amsbsy 1999/11/29 v1.2d Bold Symbols
\pmbraise@=\dimen274
)
(c:/Users/Administrator/AppData/Roaming/TinyTeX/texmf-dist/tex/latex/amsmath/am
sopn.sty
Package: amsopn 2016/03/08 v2.02 operator names
)
\inf@bad=\count164
LaTeX Info: Redefining \frac on input line 227.
\uproot@=\count165
\leftroot@=\count166
LaTeX Info: Redefining \overline on input line 389.
\classnum@=\count167
\DOTSCASE@=\count168
LaTeX Info: Redefining \ldots on input line 486.
LaTeX Info: Redefining \dots on input line 489.
\Mathstrutbox@=\box75
\strutbox@=\box76
\big@size=\dimen275
LaTeX Font Info:    Redeclaring font encoding OML on input line 733.
LaTeX Font Info:    Redeclaring font encoding OMS on input line 734.
\macc@depth=\count169
\c@MaxMatrixCols=\count170
\dotsspace@=\muskip11
\c@parentequation=\count171
Normal \count register pool exhausted, switching to extended pool.
\dspbrk@lvl=\count277
\tag@help=\toks32
\row@=\count278
\column@=\count279
\maxfields@=\count280
\andhelp@=\toks33
\eqnshift@=\dimen276
\alignsep@=\dimen277
\tagshift@=\dimen278
\tagwidth@=\dimen279
\totwidth@=\dimen280
\lineht@=\dimen281
\@envbody=\toks34
\multlinegap=\skip90
\multlinetaggap=\skip91
\mathdisplay@stack=\toks35
LaTeX Info: Redefining \[ on input line 2855.
LaTeX Info: Redefining \] on input line 2856.
)
(c:/Users/Administrator/AppData/Roaming/TinyTeX/texmf-dist/tex/latex/amscls/ams
thm.sty
Package: amsthm 2017/10/31 v2.20.4
\thm@style=\toks36
\thm@bodyfont=\toks37
\thm@headfont=\toks38
\thm@notefont=\toks39
\thm@headpunct=\toks40
\thm@preskip=\skip92
\thm@postskip=\skip93
\thm@headsep=\skip94
\dth@everypar=\toks41
)
\c@theorem=\count281
\c@construction=\count282
\c@estimate=\count283
\c@lemma=\count284
\c@corollary=\count285
\c@result=\count286
\c@algth=\count287
\c@proposition=\count288
\c@hypothesis=\count289
\c@experiment=\count290
\c@LWrule=\count291
\c@procedure=\count292
\c@assertion=\count293
\c@axiom=\count294
\c@conjecture=\count295
\c@criterion=\count296
\c@reduction=\count297
\c@sublemma=\count298
\c@case=\count299
\c@remark=\count300
\c@notation=\count301
\c@answer=\count302
\c@base=\count303
\c@claim=\count304
\c@ccomment=\count305
\c@subproof=\count306
\c@conclusion=\count307
\c@observation=\count308
\c@subcase=\count309
\c@step=\count310
\c@summary=\count311
\c@definition=\count312
\c@condition=\count313
\c@property=\count314
\c@problem=\count315
\c@fact=\count316
\c@assumption=\count317
\c@eexample=\count318
\c@model=\count319
\c@affirmation=\count320
\c@application=\count321
\c@convention=\count322
\c@discussion=\count323
\c@exercise=\count324
\c@question=\count325
\c@scholium=\count326
\c@terminology=\count327
\c@printcitcnt=\count328
\c@@pps=\count329
\c@@ppsavesec=\count330
\c@@ppsaveapp=\count331

(c:/Users/Administrator/AppData/Roaming/TinyTeX/texmf-dist/tex/latex/algorithms
/algorithm.sty
Package: algorithm 2009/08/24 v0.1 Document Style `algorithm' - floating enviro
nment
\@float@every@algorithm=\toks42
\c@algorithm=\count332
)
(c:/Users/Administrator/AppData/Roaming/TinyTeX/texmf-dist/tex/latex/algorithmi
cx/algorithmicx.sty
Package: algorithmicx 2005/04/27 v1.2 Algorithmicx
Document Style algorithmicx 1.2 - a greatly improved `algorithmic' style
\c@ALG@line=\count333
\c@ALG@rem=\count334
\c@ALG@nested=\count335
\ALG@tlm=\skip95
\ALG@thistlm=\skip96
\c@ALG@Lnr=\count336
\c@ALG@blocknr=\count337
\c@ALG@storecount=\count338
\c@ALG@tmpcounter=\count339
\ALG@tmplength=\skip97
)
(c:/Users/Administrator/AppData/Roaming/TinyTeX/texmf-dist/tex/latex/algorithmi
cx/algpseudocode.sty
Package: algpseudocode 
Document Style - pseudocode environments for use with the `algorithmicx' style
)
(c:/Users/Administrator/AppData/Roaming/TinyTeX/texmf-dist/tex/latex/listings/l
istings.sty
\lst@mode=\count340
\lst@gtempboxa=\box77
\lst@token=\toks43
\lst@length=\count341
\lst@currlwidth=\dimen282
\lst@column=\count342
\lst@pos=\count343
\lst@lostspace=\dimen283
\lst@width=\dimen284
\lst@newlines=\count344
\lst@lineno=\count345
\lst@maxwidth=\dimen285

(c:/Users/Administrator/AppData/Roaming/TinyTeX/texmf-dist/tex/latex/listings/l
stmisc.sty
File: lstmisc.sty 2019/09/10 1.8c (Carsten Heinz)
\c@lstnumber=\count346
\lst@skipnumbers=\count347
\lst@framebox=\box78
)
(c:/Users/Administrator/AppData/Roaming/TinyTeX/texmf-dist/tex/latex/listings/l
istings.cfg
File: listings.cfg 2019/09/10 1.8c listings configuration
))
Package: listings 2019/09/10 1.8c (Carsten Heinz)

(c:/Users/Administrator/AppData/Roaming/TinyTeX/texmf-dist/tex/latex/base/alltt
.sty
Package: alltt 1997/06/16 v2.0g defines alltt environment
)
\jnlcitationbox=\box79
\jnlcithsize=\dimen286

(c:/Users/Administrator/AppData/Roaming/TinyTeX/texmf-dist/tex/latex/wrapfig/wr
apfig.sty
\wrapoverhang=\dimen287
\WF@size=\dimen288
\c@WF@wrappedlines=\count348
\WF@box=\box80
\WF@everypar=\toks44
Package: wrapfig 2003/01/31  v 3.6
)
\wraplines=\count349
\@authorfigbox=\box81
\@authorfigboxdim=\skip98
\biofigadjskip=\skip99
)

LaTeX Warning: Unused global option(s):
    [AMA,STIX1COL].

(./StatsMedicExample.aux)
\openout1 = `StatsMedicExample.aux'.

LaTeX Font Info:    Checking defaults for OML/cmm/m/it on input line 18.
LaTeX Font Info:    ... okay on input line 18.
LaTeX Font Info:    Checking defaults for T1/cmr/m/n on input line 18.
LaTeX Font Info:    ... okay on input line 18.
LaTeX Font Info:    Checking defaults for OT1/cmr/m/n on input line 18.
LaTeX Font Info:    ... okay on input line 18.
LaTeX Font Info:    Checking defaults for OMS/cmsy/m/n on input line 18.
LaTeX Font Info:    ... okay on input line 18.
LaTeX Font Info:    Checking defaults for OMX/cmex/m/n on input line 18.
LaTeX Font Info:    ... okay on input line 18.
LaTeX Font Info:    Checking defaults for U/cmr/m/n on input line 18.
LaTeX Font Info:    ... okay on input line 18.
LaTeX Font Info:    Checking defaults for PD1/pdf/m/n on input line 18.
LaTeX Font Info:    ... okay on input line 18.
LaTeX Font Info:    Checking defaults for LS1/stix/m/n on input line 18.
LaTeX Font Info:    Trying to load font information for LS1+stix on input line 
18.

(c:/Users/Administrator/AppData/Roaming/TinyTeX/texmf-dist/tex/latex/stix/ls1st
ix.fd
File: ls1stix.fd 2015/04/17 v1.1.2-latex STIX LS1 font definitions
)
LaTeX Font Info:    ... okay on input line 18.
LaTeX Font Info:    Checking defaults for LS2/stix/m/n on input line 18.
LaTeX Font Info:    Trying to load font information for LS2+stix on input line 
18.

(c:/Users/Administrator/AppData/Roaming/TinyTeX/texmf-dist/tex/latex/stix/ls2st
ix.fd
File: ls2stix.fd 2015/04/17 v1.1.2-latex STIX LS2 font definitions
)
LaTeX Font Info:    ... okay on input line 18.
LaTeX Font Info:    Trying to load font information for T1+stix on input line 1
8.

(c:/Users/Administrator/AppData/Roaming/TinyTeX/texmf-dist/tex/latex/stix/t1sti
x.fd
File: t1stix.fd 2015/04/17 v1.1.2-latex STIX T1 font definitions
)
(c:/Users/Administrator/AppData/Roaming/TinyTeX/texmf-dist/tex/latex/oberdiek/e
pstopdf-base.sty
Package: epstopdf-base 2016/05/15 v2.6 Base part for package epstopdf

(c:/Users/Administrator/AppData/Roaming/TinyTeX/texmf-dist/tex/latex/oberdiek/g
rfext.sty
Package: grfext 2016/05/16 v1.2 Manage graphics extensions (HO)
)
Package epstopdf-base Info: Redefining graphics rule for `.eps' on input line 4
38.
Package grfext Info: Graphics extension search list:
(grfext)             [.pdf,.png,.jpg,.mps,.jpeg,.jbig2,.jb2,.PDF,.PNG,.JPG,.JPE
G,.JBIG2,.JB2,.eps]
(grfext)             \AppendGraphicsExtensions on input line 456.

(c:/Users/Administrator/AppData/Roaming/TinyTeX/texmf-dist/tex/latex/latexconfi
g/epstopdf-sys.cfg
File: epstopdf-sys.cfg 2010/07/13 v1.3 Configuration of (r)epstopdf for TeX Liv
e
))
Package caption Info: Begin \AtBeginDocument code.
Package caption Info: subfig package v1.3 is loaded.
Package caption Info: hyperref package is loaded.
Package caption Info: listings package is loaded.
Package caption Info: wrapfig package is loaded.
Package caption Info: End \AtBeginDocument code.
\AtBeginShipoutBox=\box82
Package hyperref Info: Link coloring OFF on input line 18.

(c:/Users/Administrator/AppData/Roaming/TinyTeX/texmf-dist/tex/latex/hyperref/n
ameref.sty
Package: nameref 2019/09/16 v2.46 Cross-referencing by name of section

(c:/Users/Administrator/AppData/Roaming/TinyTeX/texmf-dist/tex/generic/oberdiek
/gettitlestring.sty
Package: gettitlestring 2016/05/16 v1.5 Cleanup title references (HO)
)
\c@section@level=\count350
)
LaTeX Info: Redefining \ref on input line 18.
LaTeX Info: Redefining \pageref on input line 18.
LaTeX Info: Redefining \nameref on input line 18.
*geometry* driver: auto-detecting
*geometry* detected driver: pdftex
*geometry* verbose mode - [ preamble ] result:
* driver: pdftex
* paper: custom
* layout: <same size as paper>
* layoutoffset:(h,v)=(0.0pt,0.0pt)
* hratio: 1:1
* vratio: 1:1
* modes: twoside 
* h-part:(L,W,R)=(45.0pt, 507.50787pt, 45.0pt)
* v-part:(T,H,B)=(57.5pt, 668.79605pt, 59.0pt)
* \paperwidth=597.50787pt
* \paperheight=785.29605pt
* \textwidth=507.50787pt
* \textheight=668.79605pt
* \oddsidemargin=-27.26999pt
* \evensidemargin=-27.26999pt
* \topmargin=-46.76999pt
* \headheight=21.0pt
* \headsep=11.0pt
* \topskip=6.0pt
* \footskip=48.5pt
* \marginparwidth=0.0pt
* \marginparsep=0.0pt
* \columnsep=0.0pt
* \skip\footins=18.0pt plus 2.0pt minus 2.0pt
* \hoffset=0.0pt
* \voffset=0.0pt
* \mag=1000
* \@twocolumnfalse
* \@twosidetrue
* \@mparswitchtrue
* \@reversemarginfalse
* (1in=72.27pt=25.4mm, 1cm=28.453pt)

\c@lstlisting=\count351
LaTeX Font Info:    Font shape `T1/stix/bx/n' in size <9> not available
(Font)              Font shape `T1/stix/b/n' tried instead on input line 61.
LaTeX Font Info:    Font shape `T1/stix/bx/n' in size <18> not available
(Font)              Font shape `T1/stix/b/n' tried instead on input line 61.
LaTeX Font Info:    Calculating math sizes for size <18> on input line 61.
LaTeX Font Info:    Trying to load font information for LS1+stixscr on input li
ne 61.

(c:/Users/Administrator/AppData/Roaming/TinyTeX/texmf-dist/tex/latex/stix/ls1st
ixscr.fd
File: ls1stixscr.fd 2015/04/17 v1.1.2-latex STIX script LS1 font definitions
)
LaTeX Font Info:    Trying to load font information for LS2+stixex on input lin
e 61.

(c:/Users/Administrator/AppData/Roaming/TinyTeX/texmf-dist/tex/latex/stix/ls2st
ixex.fd
File: ls2stixex.fd 2015/04/17 v1.1.2-latex STIX extentions LS2 font definitions

)
LaTeX Font Info:    Trying to load font information for LS1+stixfrak on input l
ine 61.

(c:/Users/Administrator/AppData/Roaming/TinyTeX/texmf-dist/tex/latex/stix/ls1st
ixfrak.fd
File: ls1stixfrak.fd 2015/04/17 v1.1.2-latex STIX fraktur LS1 font definitions
)
LaTeX Font Info:    Trying to load font information for LS1+stixbb on input lin
e 61.

(c:/Users/Administrator/AppData/Roaming/TinyTeX/texmf-dist/tex/latex/stix/ls1st
ixbb.fd
File: ls1stixbb.fd 2015/04/17 v1.1.2-latex STIX blackboard LS1 font definitions

)
LaTeX Font Info:    Trying to load font information for LS2+stixcal on input li
ne 61.

(c:/Users/Administrator/AppData/Roaming/TinyTeX/texmf-dist/tex/latex/stix/ls2st
ixcal.fd
File: ls2stixcal.fd 2015/04/17 v1.1.2-latex STIX calligraphic LS2 font definiti
ons
)
LaTeX Font Info:    Trying to load font information for LS1+stixsf on input lin
e 61.

(c:/Users/Administrator/AppData/Roaming/TinyTeX/texmf-dist/tex/latex/stix/ls1st
ixsf.fd
File: ls1stixsf.fd 2015/04/17 v1.1.2-latex STIX sans-serif LS1 font definitions

)
LaTeX Font Info:    Trying to load font information for LS2+stixtt on input lin
e 61.

(c:/Users/Administrator/AppData/Roaming/TinyTeX/texmf-dist/tex/latex/stix/ls2st
ixtt.fd
File: ls2stixtt.fd 2015/04/17 v1.1.2-latex STIX typewriter LS2 font definitions

)
LaTeX Font Info:    Font shape `T1/stix/bx/n' in size <12.59995> not available
(Font)              Font shape `T1/stix/b/n' tried instead on input line 61.
LaTeX Font Info:    Font shape `T1/stix/bx/n' in size <8> not available
(Font)              Font shape `T1/stix/b/n' tried instead on input line 61.
LaTeX Font Info:    Font shape `T1/stix/bx/n' in size <10> not available
(Font)              Font shape `T1/stix/b/n' tried instead on input line 61.

Overfull \hbox (346.99213pt too wide) in paragraph at lines 61--61
[][] | || []|[][] 
 []

LaTeX Font Info:    Calculating math sizes for size <10.03749> on input line 61
.
LaTeX Font Info:    Trying to load font information for T1+cmtt on input line 6
8.

(c:/Users/Administrator/AppData/Roaming/TinyTeX/texmf-dist/tex/latex/base/t1cmt
t.fd
File: t1cmtt.fd 2014/09/29 v2.5h Standard LaTeX font definitions
)
LaTeX Font Info:    Trying to load font information for OMS+stix on input line 
78.
LaTeX Font Info:    No file OMSstix.fd. on input line 78.

LaTeX Font Warning: Font shape `OMS/stix/m/n' undefined
(Font)              using `OMS/cmsy/m/n' instead
(Font)              for symbol `textbullet' on input line 78.


Overfull \vbox (6.46347pt too high) has occurred while \output is active []

[1{c:/Users/Administrator/AppData/Roaming/TinyTeX/texmf-var/fonts/map/pdftex/up
dmap/pdftex.map}

\openout3 = `StatsMedicExample.pag'.

]
LaTeX Font Info:    Font shape `T1/stix/bx/n' in size <12> not available
(Font)              Font shape `T1/stix/b/n' tried instead on input line 108.
<StatsMedicExample_files/figure-latex/plot-ref-1.pdf, id=14, 469.755pt x 325.21
5pt>
File: StatsMedicExample_files/figure-latex/plot-ref-1.pdf Graphic file (type pd
f)
<use StatsMedicExample_files/figure-latex/plot-ref-1.pdf>
Package pdftex.def Info: StatsMedicExample_files/figure-latex/plot-ref-1.pdf  u
sed on input line 143.
(pdftex.def)             Requested size: 469.75386pt x 325.2142pt.
LaTeX Font Info:    Font shape `T1/stix/bx/n' in size <10.03749> not available
(Font)              Font shape `T1/stix/b/n' tried instead on input line 144.
LaTeX Font Info:    Font shape `T1/stix/bx/n' in size <7> not available
(Font)              Font shape `T1/stix/b/n' tried instead on input line 201.
[2] [3 <./StatsMedicExample_files/figure-latex/plot-ref-1.pdf>] (./StatsMedicEx
ample.bbl)
Package atveryend Info: Empty hook `BeforeClearDocument' on input line 266.
[4]
Package atveryend Info: Empty hook `AfterLastShipout' on input line 266.
(./StatsMedicExample.aux)
Package atveryend Info: Executing hook `AtVeryEndDocument' on input line 266.
Package atveryend Info: Empty hook `AtEndAfterFileList' on input line 266.

LaTeX Font Warning: Some font shapes were not available, defaults substituted.

Package atveryend Info: Empty hook `AtVeryVeryEnd' on input line 266.
 ) 
Here is how much of TeX's memory you used:
 15806 strings out of 494110
 223753 string characters out of 6171764
 307833 words of memory out of 5000000
 19636 multiletter control sequences out of 15000+600000
 115908 words of font info for 154 fonts, out of 8000000 for 9000
 40 hyphenation exceptions out of 8191
 46i,10n,46p,341b,436s stack positions out of 5000i,500n,10000p,200000b,80000s
{c:/Users/Administrator/AppData/Roaming/TinyTeX/texmf-dist/fonts/enc/dvips/st
ix/stix-t1.enc} <c:/Users/Administrator/Documents/.TinyTeX/texmf-var/fonts/pk/l
jfour/jknappen/ec/ectt1000.600pk><c:/Users/Administrator/AppData/Roaming/TinyTe
X/texmf-dist/fonts/type1/public/stix/STIXGeneral-Bold.pfb><c:/Users/Administrat
or/AppData/Roaming/TinyTeX/texmf-dist/fonts/type1/public/stix/STIXGeneral-Itali
c.pfb><c:/Users/Administrator/AppData/Roaming/TinyTeX/texmf-dist/fonts/type1/pu
blic/stix/STIXGeneral-Regular.pfb><c:/Users/Administrator/AppData/Roaming/TinyT
eX/texmf-dist/fonts/type1/public/amsfonts/cm/cmsy10.pfb>
Output written on StatsMedicExample.pdf (4 pages, 152809 bytes).
PDF statistics:
 189 PDF objects out of 1000 (max. 8388607)
 105 compressed objects within 2 object streams
 23 named destinations out of 1000 (max. 500000)
 102 words of extra memory for PDF output out of 10000 (max. 10000000)

